This file contains any messages produced by compilers while
running configure, to aid debugging if configure makes a mistake.

It was created by AdvanceCOMP configure 1.15, which was
generated by GNU Autoconf 2.69.  Invocation command line was

  $ ./configure --no-create --no-recursion

## --------- ##
## Platform. ##
## --------- ##

hostname = zgl-u16
uname -m = x86_64
uname -r = 4.15.0-47-generic
uname -s = Linux
uname -v = #50~16.04.1-Ubuntu SMP Fri Mar 15 16:06:21 UTC 2019

/usr/bin/uname -p = unknown
/bin/uname -X     = unknown

/bin/arch              = unknown
/usr/bin/arch -k       = unknown
/usr/convex/getsysinfo = unknown
/usr/bin/hostinfo      = unknown
/bin/machine           = unknown
/usr/bin/oslevel       = unknown
/bin/universe          = unknown

PATH: /home/zgl/bin
PATH: /home/zgl/.local/bin
PATH: /usr/local/sbin
PATH: /usr/local/bin
PATH: /usr/sbin
PATH: /usr/bin
PATH: /sbin
PATH: /bin
PATH: /usr/games
PATH: /usr/local/games


## ----------- ##
## Core tests. ##
## ----------- ##

configure:2231: checking for a BSD-compatible install
configure:2299: result: /usr/bin/install -c
configure:2310: checking whether build environment is sane
configure:2347: result: yes
configure:2409: checking for gawk
configure:2439: result: no
configure:2409: checking for mawk
configure:2425: found /usr/bin/mawk
configure:2436: result: mawk
configure:2447: checking whether make sets $(MAKE)
configure:2469: result: yes
configure:2653: checking build system type
configure:2667: result: x86_64-unknown-linux-gnu
configure:2687: checking host system type
configure:2700: result: x86_64-unknown-linux-gnu
configure:2770: checking for gcc
configure:2786: found /usr/bin/gcc
configure:2797: result: gcc
configure:3026: checking for C compiler version
configure:3035: gcc --version >&5
gcc (Ubuntu 5.4.0-6ubuntu1~16.04.11) 5.4.0 20160609
Copyright (C) 2015 Free Software Foundation, Inc.
This is free software; see the source for copying conditions.  There is NO
warranty; not even for MERCHANTABILITY or FITNESS FOR A PARTICULAR PURPOSE.

configure:3046: $? = 0
configure:3035: gcc -v >&5
Using built-in specs.
COLLECT_GCC=gcc
COLLECT_LTO_WRAPPER=/usr/lib/gcc/x86_64-linux-gnu/5/lto-wrapper
Target: x86_64-linux-gnu
Configured with: ../src/configure -v --with-pkgversion='Ubuntu 5.4.0-6ubuntu1~16.04.11' --with-bugurl=file:///usr/share/doc/gcc-5/README.Bugs --enable-languages=c,ada,c++,java,go,d,fortran,objc,obj-c++ --prefix=/usr --program-suffix=-5 --enable-shared --enable-linker-build-id --libexecdir=/usr/lib --without-included-gettext --enable-threads=posix --libdir=/usr/lib --enable-nls --with-sysroot=/ --enable-clocale=gnu --enable-libstdcxx-debug --enable-libstdcxx-time=yes --with-default-libstdcxx-abi=new --enable-gnu-unique-object --disable-vtable-verify --enable-libmpx --enable-plugin --with-system-zlib --disable-browser-plugin --enable-java-awt=gtk --enable-gtk-cairo --with-java-home=/usr/lib/jvm/java-1.5.0-gcj-5-amd64/jre --enable-java-home --with-jvm-root-dir=/usr/lib/jvm/java-1.5.0-gcj-5-amd64 --with-jvm-jar-dir=/usr/lib/jvm-exports/java-1.5.0-gcj-5-amd64 --with-arch-directory=amd64 --with-ecj-jar=/usr/share/java/eclipse-ecj.jar --enable-objc-gc --enable-multiarch --disable-werror --with-arch-32=i686 --with-abi=m64 --with-multilib-list=m32,m64,mx32 --enable-multilib --with-tune=generic --enable-checking=release --build=x86_64-linux-gnu --host=x86_64-linux-gnu --target=x86_64-linux-gnu
Thread model: posix
gcc version 5.4.0 20160609 (Ubuntu 5.4.0-6ubuntu1~16.04.11) 
configure:3046: $? = 0
configure:3035: gcc -V >&5
gcc: error: unrecognized command line option '-V'
gcc: fatal error: no input files
compilation terminated.
configure:3046: $? = 1
configure:3035: gcc -qversion >&5
gcc: error: unrecognized command line option '-qversion'
gcc: fatal error: no input files
compilation terminated.
configure:3046: $? = 1
configure:3066: checking whether the C compiler works
configure:3088: gcc    conftest.c  >&5
configure:3092: $? = 0
configure:3140: result: yes
configure:3143: checking for C compiler default output file name
configure:3145: result: a.out
configure:3151: checking for suffix of executables
configure:3158: gcc -o conftest    conftest.c  >&5
configure:3162: $? = 0
configure:3184: result: 
configure:3206: checking whether we are cross compiling
configure:3214: gcc -o conftest    conftest.c  >&5
configure:3218: $? = 0
configure:3225: ./conftest
configure:3229: $? = 0
configure:3244: result: no
configure:3249: checking for suffix of object files
configure:3271: gcc -c   conftest.c >&5
configure:3275: $? = 0
configure:3296: result: o
configure:3300: checking whether we are using the GNU C compiler
configure:3319: gcc -c   conftest.c >&5
configure:3319: $? = 0
configure:3328: result: yes
configure:3337: checking whether gcc accepts -g
configure:3357: gcc -c -g  conftest.c >&5
configure:3357: $? = 0
configure:3398: result: yes
configure:3415: checking for gcc option to accept ISO C89
configure:3478: gcc  -c -g -O2  conftest.c >&5
configure:3478: $? = 0
configure:3491: result: none needed
configure:3569: checking for g++
configure:3585: found /usr/bin/g++
configure:3596: result: g++
configure:3623: checking for C++ compiler version
configure:3632: g++ --version >&5
g++ (Ubuntu 5.4.0-6ubuntu1~16.04.11) 5.4.0 20160609
Copyright (C) 2015 Free Software Foundation, Inc.
This is free software; see the source for copying conditions.  There is NO
warranty; not even for MERCHANTABILITY or FITNESS FOR A PARTICULAR PURPOSE.

configure:3643: $? = 0
configure:3632: g++ -v >&5
Using built-in specs.
COLLECT_GCC=g++
COLLECT_LTO_WRAPPER=/usr/lib/gcc/x86_64-linux-gnu/5/lto-wrapper
Target: x86_64-linux-gnu
Configured with: ../src/configure -v --with-pkgversion='Ubuntu 5.4.0-6ubuntu1~16.04.11' --with-bugurl=file:///usr/share/doc/gcc-5/README.Bugs --enable-languages=c,ada,c++,java,go,d,fortran,objc,obj-c++ --prefix=/usr --program-suffix=-5 --enable-shared --enable-linker-build-id --libexecdir=/usr/lib --without-included-gettext --enable-threads=posix --libdir=/usr/lib --enable-nls --with-sysroot=/ --enable-clocale=gnu --enable-libstdcxx-debug --enable-libstdcxx-time=yes --with-default-libstdcxx-abi=new --enable-gnu-unique-object --disable-vtable-verify --enable-libmpx --enable-plugin --with-system-zlib --disable-browser-plugin --enable-java-awt=gtk --enable-gtk-cairo --with-java-home=/usr/lib/jvm/java-1.5.0-gcj-5-amd64/jre --enable-java-home --with-jvm-root-dir=/usr/lib/jvm/java-1.5.0-gcj-5-amd64 --with-jvm-jar-dir=/usr/lib/jvm-exports/java-1.5.0-gcj-5-amd64 --with-arch-directory=amd64 --with-ecj-jar=/usr/share/java/eclipse-ecj.jar --enable-objc-gc --enable-multiarch --disable-werror --with-arch-32=i686 --with-abi=m64 --with-multilib-list=m32,m64,mx32 --enable-multilib --with-tune=generic --enable-checking=release --build=x86_64-linux-gnu --host=x86_64-linux-gnu --target=x86_64-linux-gnu
Thread model: posix
gcc version 5.4.0 20160609 (Ubuntu 5.4.0-6ubuntu1~16.04.11) 
configure:3643: $? = 0
configure:3632: g++ -V >&5
g++: error: unrecognized command line option '-V'
g++: fatal error: no input files
compilation terminated.
configure:3643: $? = 1
configure:3632: g++ -qversion >&5
g++: error: unrecognized command line option '-qversion'
g++: fatal error: no input files
compilation terminated.
configure:3643: $? = 1
configure:3647: checking whether we are using the GNU C++ compiler
configure:3666: g++ -c   conftest.cpp >&5
configure:3666: $? = 0
configure:3675: result: yes
configure:3684: checking whether g++ accepts -g
configure:3704: g++ -c -g  conftest.cpp >&5
configure:3704: $? = 0
configure:3745: result: yes
configure:3773: checking for gawk
configure:3800: result: mawk
configure:3815: checking for tar
configure:3831: found /bin/tar
configure:3842: result: tar
configure:3857: checking for gzip
configure:3873: found /bin/gzip
configure:3884: result: gzip
configure:3899: checking for groff
configure:3915: found /usr/bin/groff
configure:3926: result: groff
configure:3941: checking for col
configure:3957: found /usr/bin/col
configure:3968: result: col
configure:3982: checking for adler32 in -lz
configure:4007: gcc -o conftest -g -O2   conftest.c -lz   >&5
configure:4007: $? = 0
configure:4016: result: yes
configure:4038: checking how to run the C preprocessor
configure:4069: gcc -E  conftest.c
configure:4069: $? = 0
configure:4083: gcc -E  conftest.c
conftest.c:12:28: fatal error: ac_nonexistent.h: No such file or directory
compilation terminated.
configure:4083: $? = 1
configure: failed program was:
| /* confdefs.h */
| #define PACKAGE_NAME "AdvanceCOMP"
| #define PACKAGE_TARNAME "advancecomp"
| #define PACKAGE_VERSION "1.15"
| #define PACKAGE_STRING "AdvanceCOMP 1.15"
| #define PACKAGE_BUGREPORT ""
| #define PACKAGE_URL ""
| #define PACKAGE "advancecomp"
| #define VERSION "1.15"
| #define HAVE_LIBZ 1
| /* end confdefs.h.  */
| #include <ac_nonexistent.h>
configure:4108: result: gcc -E
configure:4128: gcc -E  conftest.c
configure:4128: $? = 0
configure:4142: gcc -E  conftest.c
conftest.c:12:28: fatal error: ac_nonexistent.h: No such file or directory
compilation terminated.
configure:4142: $? = 1
configure: failed program was:
| /* confdefs.h */
| #define PACKAGE_NAME "AdvanceCOMP"
| #define PACKAGE_TARNAME "advancecomp"
| #define PACKAGE_VERSION "1.15"
| #define PACKAGE_STRING "AdvanceCOMP 1.15"
| #define PACKAGE_BUGREPORT ""
| #define PACKAGE_URL ""
| #define PACKAGE "advancecomp"
| #define VERSION "1.15"
| #define HAVE_LIBZ 1
| /* end confdefs.h.  */
| #include <ac_nonexistent.h>
configure:4171: checking for grep that handles long lines and -e
configure:4229: result: /bin/grep
configure:4234: checking for egrep
configure:4296: result: /bin/grep -E
configure:4301: checking for ANSI C header files
configure:4321: gcc -c -g -O2  conftest.c >&5
configure:4321: $? = 0
configure:4394: gcc -o conftest -g -O2   conftest.c -lz  >&5
configure:4394: $? = 0
configure:4394: ./conftest
configure:4394: $? = 0
configure:4405: result: yes
configure:4413: checking for sys/wait.h that is POSIX.1 compatible
configure:4439: gcc -c -g -O2  conftest.c >&5
configure:4439: $? = 0
configure:4446: result: yes
configure:4457: checking for dirent.h that defines DIR
configure:4476: gcc -c -g -O2  conftest.c >&5
configure:4476: $? = 0
configure:4484: result: yes
configure:4497: checking for library containing opendir
configure:4528: gcc -o conftest -g -O2   conftest.c -lz  >&5
configure:4528: $? = 0
configure:4545: result: none required
configure:4612: checking whether time.h and sys/time.h may both be included
configure:4632: gcc -c -g -O2  conftest.c >&5
configure:4632: $? = 0
configure:4639: result: yes
configure:4652: checking for sys/types.h
configure:4652: gcc -c -g -O2  conftest.c >&5
configure:4652: $? = 0
configure:4652: result: yes
configure:4652: checking for sys/stat.h
configure:4652: gcc -c -g -O2  conftest.c >&5
configure:4652: $? = 0
configure:4652: result: yes
configure:4652: checking for stdlib.h
configure:4652: gcc -c -g -O2  conftest.c >&5
configure:4652: $? = 0
configure:4652: result: yes
configure:4652: checking for string.h
configure:4652: gcc -c -g -O2  conftest.c >&5
configure:4652: $? = 0
configure:4652: result: yes
configure:4652: checking for memory.h
configure:4652: gcc -c -g -O2  conftest.c >&5
configure:4652: $? = 0
configure:4652: result: yes
configure:4652: checking for strings.h
configure:4652: gcc -c -g -O2  conftest.c >&5
configure:4652: $? = 0
configure:4652: result: yes
configure:4652: checking for inttypes.h
configure:4652: gcc -c -g -O2  conftest.c >&5
configure:4652: $? = 0
configure:4652: result: yes
configure:4652: checking for stdint.h
configure:4652: gcc -c -g -O2  conftest.c >&5
configure:4652: $? = 0
configure:4652: result: yes
configure:4652: checking for unistd.h
configure:4652: gcc -c -g -O2  conftest.c >&5
configure:4652: $? = 0
configure:4652: result: yes
configure:4667: checking for unistd.h
configure:4667: result: yes
configure:4667: checking getopt.h usability
configure:4667: gcc -c -g -O2  conftest.c >&5
configure:4667: $? = 0
configure:4667: result: yes
configure:4667: checking getopt.h presence
configure:4667: gcc -E  conftest.c
configure:4667: $? = 0
configure:4667: result: yes
configure:4667: checking for getopt.h
configure:4667: result: yes
configure:4667: checking utime.h usability
configure:4667: gcc -c -g -O2  conftest.c >&5
configure:4667: $? = 0
configure:4667: result: yes
configure:4667: checking utime.h presence
configure:4667: gcc -E  conftest.c
configure:4667: $? = 0
configure:4667: result: yes
configure:4667: checking for utime.h
configure:4667: result: yes
configure:4667: checking stdarg.h usability
configure:4667: gcc -c -g -O2  conftest.c >&5
configure:4667: $? = 0
configure:4667: result: yes
configure:4667: checking stdarg.h presence
configure:4667: gcc -E  conftest.c
configure:4667: $? = 0
configure:4667: result: yes
configure:4667: checking for stdarg.h
configure:4667: result: yes
configure:4667: checking varargs.h usability
configure:4667: gcc -c -g -O2  conftest.c >&5
In file included from conftest.c:62:0:
/usr/lib/gcc/x86_64-linux-gnu/5/include/varargs.h:4:2: error: #error "GCC no longer implements <varargs.h>."
 #error "GCC no longer implements <varargs.h>."
  ^
/usr/lib/gcc/x86_64-linux-gnu/5/include/varargs.h:5:2: error: #error "Revise your code to use <stdarg.h>."
 #error "Revise your code to use <stdarg.h>."
  ^
configure:4667: $? = 1
configure: failed program was:
| /* confdefs.h */
| #define PACKAGE_NAME "AdvanceCOMP"
| #define PACKAGE_TARNAME "advancecomp"
| #define PACKAGE_VERSION "1.15"
| #define PACKAGE_STRING "AdvanceCOMP 1.15"
| #define PACKAGE_BUGREPORT ""
| #define PACKAGE_URL ""
| #define PACKAGE "advancecomp"
| #define VERSION "1.15"
| #define HAVE_LIBZ 1
| #define STDC_HEADERS 1
| #define HAVE_SYS_WAIT_H 1
| #define HAVE_DIRENT_H 1
| #define TIME_WITH_SYS_TIME 1
| #define HAVE_SYS_TYPES_H 1
| #define HAVE_SYS_STAT_H 1
| #define HAVE_STDLIB_H 1
| #define HAVE_STRING_H 1
| #define HAVE_MEMORY_H 1
| #define HAVE_STRINGS_H 1
| #define HAVE_INTTYPES_H 1
| #define HAVE_STDINT_H 1
| #define HAVE_UNISTD_H 1
| #define HAVE_UNISTD_H 1
| #define HAVE_GETOPT_H 1
| #define HAVE_UTIME_H 1
| #define HAVE_STDARG_H 1
| /* end confdefs.h.  */
| #include <stdio.h>
| #ifdef HAVE_SYS_TYPES_H
| # include <sys/types.h>
| #endif
| #ifdef HAVE_SYS_STAT_H
| # include <sys/stat.h>
| #endif
| #ifdef STDC_HEADERS
| # include <stdlib.h>
| # include <stddef.h>
| #else
| # ifdef HAVE_STDLIB_H
| #  include <stdlib.h>
| # endif
| #endif
| #ifdef HAVE_STRING_H
| # if !defined STDC_HEADERS && defined HAVE_MEMORY_H
| #  include <memory.h>
| # endif
| # include <string.h>
| #endif
| #ifdef HAVE_STRINGS_H
| # include <strings.h>
| #endif
| #ifdef HAVE_INTTYPES_H
| # include <inttypes.h>
| #endif
| #ifdef HAVE_STDINT_H
| # include <stdint.h>
| #endif
| #ifdef HAVE_UNISTD_H
| # include <unistd.h>
| #endif
| #include <varargs.h>
configure:4667: result: no
configure:4667: checking varargs.h presence
configure:4667: gcc -E  conftest.c
In file included from conftest.c:29:0:
/usr/lib/gcc/x86_64-linux-gnu/5/include/varargs.h:4:2: error: #error "GCC no longer implements <varargs.h>."
 #error "GCC no longer implements <varargs.h>."
  ^
/usr/lib/gcc/x86_64-linux-gnu/5/include/varargs.h:5:2: error: #error "Revise your code to use <stdarg.h>."
 #error "Revise your code to use <stdarg.h>."
  ^
configure:4667: $? = 1
configure: failed program was:
| /* confdefs.h */
| #define PACKAGE_NAME "AdvanceCOMP"
| #define PACKAGE_TARNAME "advancecomp"
| #define PACKAGE_VERSION "1.15"
| #define PACKAGE_STRING "AdvanceCOMP 1.15"
| #define PACKAGE_BUGREPORT ""
| #define PACKAGE_URL ""
| #define PACKAGE "advancecomp"
| #define VERSION "1.15"
| #define HAVE_LIBZ 1
| #define STDC_HEADERS 1
| #define HAVE_SYS_WAIT_H 1
| #define HAVE_DIRENT_H 1
| #define TIME_WITH_SYS_TIME 1
| #define HAVE_SYS_TYPES_H 1
| #define HAVE_SYS_STAT_H 1
| #define HAVE_STDLIB_H 1
| #define HAVE_STRING_H 1
| #define HAVE_MEMORY_H 1
| #define HAVE_STRINGS_H 1
| #define HAVE_INTTYPES_H 1
| #define HAVE_STDINT_H 1
| #define HAVE_UNISTD_H 1
| #define HAVE_UNISTD_H 1
| #define HAVE_GETOPT_H 1
| #define HAVE_UTIME_H 1
| #define HAVE_STDARG_H 1
| /* end confdefs.h.  */
| #include <varargs.h>
configure:4667: result: no
configure:4667: checking for varargs.h
configure:4667: result: no
configure:4667: checking for stdint.h
configure:4667: result: yes
configure:4680: checking for sys/types.h
configure:4680: result: yes
configure:4680: checking for sys/stat.h
configure:4680: result: yes
configure:4680: checking sys/time.h usability
configure:4680: gcc -c -g -O2  conftest.c >&5
configure:4680: $? = 0
configure:4680: result: yes
configure:4680: checking sys/time.h presence
configure:4680: gcc -E  conftest.c
configure:4680: $? = 0
configure:4680: result: yes
configure:4680: checking for sys/time.h
configure:4680: result: yes
configure:4680: checking sys/utime.h usability
configure:4680: gcc -c -g -O2  conftest.c >&5
conftest.c:66:23: fatal error: sys/utime.h: No such file or directory
compilation terminated.
configure:4680: $? = 1
configure: failed program was:
| /* confdefs.h */
| #define PACKAGE_NAME "AdvanceCOMP"
| #define PACKAGE_TARNAME "advancecomp"
| #define PACKAGE_VERSION "1.15"
| #define PACKAGE_STRING "AdvanceCOMP 1.15"
| #define PACKAGE_BUGREPORT ""
| #define PACKAGE_URL ""
| #define PACKAGE "advancecomp"
| #define VERSION "1.15"
| #define HAVE_LIBZ 1
| #define STDC_HEADERS 1
| #define HAVE_SYS_WAIT_H 1
| #define HAVE_DIRENT_H 1
| #define TIME_WITH_SYS_TIME 1
| #define HAVE_SYS_TYPES_H 1
| #define HAVE_SYS_STAT_H 1
| #define HAVE_STDLIB_H 1
| #define HAVE_STRING_H 1
| #define HAVE_MEMORY_H 1
| #define HAVE_STRINGS_H 1
| #define HAVE_INTTYPES_H 1
| #define HAVE_STDINT_H 1
| #define HAVE_UNISTD_H 1
| #define HAVE_UNISTD_H 1
| #define HAVE_GETOPT_H 1
| #define HAVE_UTIME_H 1
| #define HAVE_STDARG_H 1
| #define HAVE_STDINT_H 1
| #define HAVE_SYS_TYPES_H 1
| #define HAVE_SYS_STAT_H 1
| #define HAVE_SYS_TIME_H 1
| /* end confdefs.h.  */
| #include <stdio.h>
| #ifdef HAVE_SYS_TYPES_H
| # include <sys/types.h>
| #endif
| #ifdef HAVE_SYS_STAT_H
| # include <sys/stat.h>
| #endif
| #ifdef STDC_HEADERS
| # include <stdlib.h>
| # include <stddef.h>
| #else
| # ifdef HAVE_STDLIB_H
| #  include <stdlib.h>
| # endif
| #endif
| #ifdef HAVE_STRING_H
| # if !defined STDC_HEADERS && defined HAVE_MEMORY_H
| #  include <memory.h>
| # endif
| # include <string.h>
| #endif
| #ifdef HAVE_STRINGS_H
| # include <strings.h>
| #endif
| #ifdef HAVE_INTTYPES_H
| # include <inttypes.h>
| #endif
| #ifdef HAVE_STDINT_H
| # include <stdint.h>
| #endif
| #ifdef HAVE_UNISTD_H
| # include <unistd.h>
| #endif
| #include <sys/utime.h>
configure:4680: result: no
configure:4680: checking sys/utime.h presence
configure:4680: gcc -E  conftest.c
conftest.c:33:23: fatal error: sys/utime.h: No such file or directory
compilation terminated.
configure:4680: $? = 1
configure: failed program was:
| /* confdefs.h */
| #define PACKAGE_NAME "AdvanceCOMP"
| #define PACKAGE_TARNAME "advancecomp"
| #define PACKAGE_VERSION "1.15"
| #define PACKAGE_STRING "AdvanceCOMP 1.15"
| #define PACKAGE_BUGREPORT ""
| #define PACKAGE_URL ""
| #define PACKAGE "advancecomp"
| #define VERSION "1.15"
| #define HAVE_LIBZ 1
| #define STDC_HEADERS 1
| #define HAVE_SYS_WAIT_H 1
| #define HAVE_DIRENT_H 1
| #define TIME_WITH_SYS_TIME 1
| #define HAVE_SYS_TYPES_H 1
| #define HAVE_SYS_STAT_H 1
| #define HAVE_STDLIB_H 1
| #define HAVE_STRING_H 1
| #define HAVE_MEMORY_H 1
| #define HAVE_STRINGS_H 1
| #define HAVE_INTTYPES_H 1
| #define HAVE_STDINT_H 1
| #define HAVE_UNISTD_H 1
| #define HAVE_UNISTD_H 1
| #define HAVE_GETOPT_H 1
| #define HAVE_UTIME_H 1
| #define HAVE_STDARG_H 1
| #define HAVE_STDINT_H 1
| #define HAVE_SYS_TYPES_H 1
| #define HAVE_SYS_STAT_H 1
| #define HAVE_SYS_TIME_H 1
| /* end confdefs.h.  */
| #include <sys/utime.h>
configure:4680: result: no
configure:4680: checking for sys/utime.h
configure:4680: result: no
configure:4692: checking for an ANSI C-conforming const
configure:4758: gcc -c -g -O2  conftest.c >&5
configure:4758: $? = 0
configure:4765: result: yes
configure:4773: checking for inline
configure:4789: gcc -c -g -O2  conftest.c >&5
configure:4789: $? = 0
configure:4797: result: inline
configure:4820: checking for getopt
configure:4820: gcc -o conftest -g -O2   conftest.c -lz  >&5
configure:4820: $? = 0
configure:4820: result: yes
configure:4820: checking for getopt_long
configure:4820: gcc -o conftest -g -O2   conftest.c -lz  >&5
configure:4820: $? = 0
configure:4820: result: yes
configure:4820: checking for snprintf
configure:4820: gcc -o conftest -g -O2   conftest.c -lz  >&5
conftest.c:58:6: warning: conflicting types for built-in function 'snprintf'
 char snprintf ();
      ^
configure:4820: $? = 0
configure:4820: result: yes
configure:4820: checking for vsnprintf
configure:4820: gcc -o conftest -g -O2   conftest.c -lz  >&5
conftest.c:59:6: warning: conflicting types for built-in function 'vsnprintf'
 char vsnprintf ();
      ^
configure:4820: $? = 0
configure:4820: result: yes
configure:5011: creating ./config.status

## ---------------- ##
## Cache variables. ##
## ---------------- ##

ac_cv_build=x86_64-unknown-linux-gnu
ac_cv_c_compiler_gnu=yes
ac_cv_c_const=yes
ac_cv_c_inline=inline
ac_cv_cxx_compiler_gnu=yes
ac_cv_env_CCC_set=
ac_cv_env_CCC_value=
ac_cv_env_CC_set=
ac_cv_env_CC_value=
ac_cv_env_CFLAGS_set=
ac_cv_env_CFLAGS_value=
ac_cv_env_CPPFLAGS_set=
ac_cv_env_CPPFLAGS_value=
ac_cv_env_CPP_set=
ac_cv_env_CPP_value=
ac_cv_env_CXXFLAGS_set=
ac_cv_env_CXXFLAGS_value=
ac_cv_env_CXX_set=
ac_cv_env_CXX_value=
ac_cv_env_LDFLAGS_set=
ac_cv_env_LDFLAGS_value=
ac_cv_env_LIBS_set=
ac_cv_env_LIBS_value=
ac_cv_env_build_alias_set=
ac_cv_env_build_alias_value=
ac_cv_env_host_alias_set=
ac_cv_env_host_alias_value=
ac_cv_env_target_alias_set=
ac_cv_env_target_alias_value=
ac_cv_func_getopt=yes
ac_cv_func_getopt_long=yes
ac_cv_func_snprintf=yes
ac_cv_func_vsnprintf=yes
ac_cv_header_dirent_dirent_h=yes
ac_cv_header_getopt_h=yes
ac_cv_header_inttypes_h=yes
ac_cv_header_memory_h=yes
ac_cv_header_stdarg_h=yes
ac_cv_header_stdc=yes
ac_cv_header_stdint_h=yes
ac_cv_header_stdlib_h=yes
ac_cv_header_string_h=yes
ac_cv_header_strings_h=yes
ac_cv_header_sys_stat_h=yes
ac_cv_header_sys_time_h=yes
ac_cv_header_sys_types_h=yes
ac_cv_header_sys_utime_h=no
ac_cv_header_sys_wait_h=yes
ac_cv_header_time=yes
ac_cv_header_unistd_h=yes
ac_cv_header_utime_h=yes
ac_cv_header_varargs_h=no
ac_cv_host=x86_64-unknown-linux-gnu
ac_cv_lib_z_adler32=yes
ac_cv_objext=o
ac_cv_path_EGREP='/bin/grep -E'
ac_cv_path_GREP=/bin/grep
ac_cv_path_install='/usr/bin/install -c'
ac_cv_prog_AWK=mawk
ac_cv_prog_COL=col
ac_cv_prog_CPP='gcc -E'
ac_cv_prog_GROFF=groff
ac_cv_prog_GZIP=gzip
ac_cv_prog_TAR=tar
ac_cv_prog_ac_ct_CC=gcc
ac_cv_prog_ac_ct_CXX=g++
ac_cv_prog_cc_c89=
ac_cv_prog_cc_g=yes
ac_cv_prog_cxx_g=yes
ac_cv_prog_make_make_set=yes
ac_cv_search_opendir='none required'

## ----------------- ##
## Output variables. ##
## ----------------- ##

ACLOCAL='${SHELL} /home/zgl/vagrant/cloop.old/advancecomp-1.15/missing --run aclocal-1.9'
AMTAR='${SHELL} /home/zgl/vagrant/cloop.old/advancecomp-1.15/missing --run tar'
AUTOCONF='${SHELL} /home/zgl/vagrant/cloop.old/advancecomp-1.15/missing --run autoconf'
AUTOHEADER='${SHELL} /home/zgl/vagrant/cloop.old/advancecomp-1.15/missing --run autoheader'
AUTOMAKE='${SHELL} /home/zgl/vagrant/cloop.old/advancecomp-1.15/missing --run automake-1.9'
AWK='mawk'
CC='gcc'
CFLAGS='-g -O2 -DUSE_ERROR_SILENT -DUSE_COMPRESS'
COL='col'
CPP='gcc -E'
CPPFLAGS=''
CXX='g++'
CXXFLAGS='-g -O2 -DUSE_ERROR_SILENT -DUSE_COMPRESS'
CYGPATH_W='echo'
DEFS='-DHAVE_CONFIG_H'
ECHO_C=''
ECHO_N='-n'
ECHO_T=''
EGREP='/bin/grep -E'
EXEEXT=''
GREP='/bin/grep'
GROFF='groff'
GZIP='gzip'
INSTALL_DATA='${INSTALL} -m 644'
INSTALL_PROGRAM='${INSTALL}'
INSTALL_SCRIPT='${INSTALL}'
INSTALL_STRIP_PROGRAM='${SHELL} $(install_sh) -c -s'
LDFLAGS=''
LIBOBJS=''
LIBS='-lz '
LTLIBOBJS=''
MAKEINFO='${SHELL} /home/zgl/vagrant/cloop.old/advancecomp-1.15/missing --run makeinfo'
OBJEXT='o'
PACKAGE='advancecomp'
PACKAGE_BUGREPORT=''
PACKAGE_NAME='AdvanceCOMP'
PACKAGE_STRING='AdvanceCOMP 1.15'
PACKAGE_TARNAME='advancecomp'
PACKAGE_URL=''
PACKAGE_VERSION='1.15'
PATH_SEPARATOR=':'
SET_MAKE=''
SHELL='/bin/sh'
STRIP=''
TAR='tar'
VERSION='1.15'
ac_ct_CC='gcc'
ac_ct_CXX='g++'
am__leading_dot='.'
am__tar='${AMTAR} chof - "$$tardir"'
am__untar='${AMTAR} xf -'
bindir='${exec_prefix}/bin'
build='x86_64-unknown-linux-gnu'
build_alias=''
build_cpu='x86_64'
build_os='linux-gnu'
build_vendor='unknown'
datadir='${datarootdir}'
datarootdir='${prefix}/share'
docdir='${datarootdir}/doc/${PACKAGE_TARNAME}'
dvidir='${docdir}'
exec_prefix='${prefix}'
host='x86_64-unknown-linux-gnu'
host_alias=''
host_cpu='x86_64'
host_os='linux-gnu'
host_vendor='unknown'
htmldir='${docdir}'
includedir='${prefix}/include'
infodir='${datarootdir}/info'
install_sh='/home/zgl/vagrant/cloop.old/advancecomp-1.15/install-sh'
libdir='${exec_prefix}/lib'
libexecdir='${exec_prefix}/libexec'
localedir='${datarootdir}/locale'
localstatedir='${prefix}/var'
mandir='${datarootdir}/man'
mkdir_p='mkdir -p --'
oldincludedir='/usr/include'
pdfdir='${docdir}'
prefix='/usr/local'
program_transform_name='s,x,x,'
psdir='${docdir}'
runstatedir='${localstatedir}/run'
sbindir='${exec_prefix}/sbin'
sharedstatedir='${prefix}/com'
sysconfdir='${prefix}/etc'
target_alias=''

## ----------- ##
## confdefs.h. ##
## ----------- ##

/* confdefs.h */
#define PACKAGE_NAME "AdvanceCOMP"
#define PACKAGE_TARNAME "advancecomp"
#define PACKAGE_VERSION "1.15"
#define PACKAGE_STRING "AdvanceCOMP 1.15"
#define PACKAGE_BUGREPORT ""
#define PACKAGE_URL ""
#define PACKAGE "advancecomp"
#define VERSION "1.15"
#define HAVE_LIBZ 1
#define STDC_HEADERS 1
#define HAVE_SYS_WAIT_H 1
#define HAVE_DIRENT_H 1
#define TIME_WITH_SYS_TIME 1
#define HAVE_SYS_TYPES_H 1
#define HAVE_SYS_STAT_H 1
#define HAVE_STDLIB_H 1
#define HAVE_STRING_H 1
#define HAVE_MEMORY_H 1
#define HAVE_STRINGS_H 1
#define HAVE_INTTYPES_H 1
#define HAVE_STDINT_H 1
#define HAVE_UNISTD_H 1
#define HAVE_UNISTD_H 1
#define HAVE_GETOPT_H 1
#define HAVE_UTIME_H 1
#define HAVE_STDARG_H 1
#define HAVE_STDINT_H 1
#define HAVE_SYS_TYPES_H 1
#define HAVE_SYS_STAT_H 1
#define HAVE_SYS_TIME_H 1
#define HAVE_GETOPT 1
#define HAVE_GETOPT_LONG 1
#define HAVE_SNPRINTF 1
#define HAVE_VSNPRINTF 1
#define USE_7Z 1
#define USE_LZMA 1

configure: exit 0

## ---------------------- ##
## Running config.status. ##
## ---------------------- ##

This file was extended by AdvanceCOMP config.status 1.15, which was
generated by GNU Autoconf 2.69.  Invocation command line was

  CONFIG_FILES    = 
  CONFIG_HEADERS  = 
  CONFIG_LINKS    = 
  CONFIG_COMMANDS = 
  $ ./config.status 

on zgl-u16

config.status:856: creating Makefile
config.status:856: creating config.h
